<?xml version="1.0" encoding="UTF-8"?>
<!-- Generated by org.testng.reporters.JUnitReportReporter -->
<testsuite hostname="DESKTOP-J7R5I0L" failures="0" tests="4" name="Automation.Mytestcases" time="54.793" errors="0" timestamp="2025-09-22T22:11:53 EET" skipped="3">
  <testcase classname="Automation.Mytestcases" name="addtocart" time="54.793"/>
  <testcase classname="Automation.Mytestcases" name="signuptest">
    <skipped/>
  </testcase> <!-- signuptest -->
  <testcase classname="Automation.Mytestcases" name="logout">
    <skipped/>
  </testcase> <!-- logout -->
  <testcase classname="Automation.Mytestcases" name="login">
    <skipped/>
  </testcase> <!-- login -->
</testsuite> <!-- Automation.Mytestcases -->
