<?xml version="1.0" encoding="UTF-8"?>
<!-- Generated by org.testng.reporters.JUnitReportReporter -->
<testsuite hostname="DESKTOP-J7R5I0L" failures="0" tests="2" name="swaglab.addrandomitem" time="0.574" errors="0" timestamp="2025-09-21T14:43:28 EET" skipped="0">
  <testcase classname="swaglab.addrandomitem" name="login" time="0.298"/>
  <testcase classname="swaglab.addrandomitem" name="addrandomproduct" time="0.276"/>
</testsuite> <!-- swaglab.addrandomitem -->
