<?xml version="1.0" encoding="UTF-8"?>
<!-- Generated by org.testng.reporters.JUnitReportReporter -->
<testsuite hostname="DESKTOP-J7R5I0L" failures="0" tests="3" name="swaglab.Mytestcases" time="0.458" errors="0" timestamp="2025-09-20T22:50:03 EET" skipped="2">
  <testcase classname="swaglab.Mytestcases" name="loginstandarduser" time="0.458"/>
  <testcase classname="swaglab.Mytestcases" name="viewcardstandarduser">
    <skipped/>
  </testcase> <!-- viewcardstandarduser -->
  <testcase classname="swaglab.Mytestcases" name="addtocartstandarduser">
    <skipped/>
  </testcase> <!-- addtocartstandarduser -->
</testsuite> <!-- swaglab.Mytestcases -->
